wklogin/build/intermediates/manifest_merge_blame_file/release/manifest-merger-blame-release-report.txt
1<?xml version="1.0" encoding="utf-8"?>
2<manifest xmlns:android="http://schemas.android.com/apk/res/android"
3    package="com.chat.login" >
4
5    <uses-sdk android:minSdkVersion="23" />
5-->src/main/AndroidManifest.xml
6
7    <application
7-->src/main/AndroidManifest.xml:3:5-24:19
8        android:allowBackup="true"
8-->src/main/AndroidManifest.xml:4:9-35
9        android:supportsRtl="true" >
9-->src/main/AndroidManifest.xml:5:9-35
10        <activity android:name="com.chat.login.ui.LoginAuthActivity" />
10-->src/main/AndroidManifest.xml:6:9-58
10-->src/main/AndroidManifest.xml:6:19-55
11        <activity
11-->src/main/AndroidManifest.xml:7:9-8:66
12            android:name="com.chat.login.ui.ChooseAreaCodeActivity"
12-->src/main/AndroidManifest.xml:7:19-60
13            android:windowSoftInputMode="adjustPan|stateHidden" />
13-->src/main/AndroidManifest.xml:8:13-64
14        <activity
14-->src/main/AndroidManifest.xml:9:9-11:47
15            android:name="com.chat.login.ui.WKLoginActivity"
15-->src/main/AndroidManifest.xml:10:13-47
16            android:launchMode="singleTask" />
16-->src/main/AndroidManifest.xml:11:13-44
17        <activity
17-->src/main/AndroidManifest.xml:12:9-14:47
18            android:name="com.chat.login.ui.WKRegisterActivity"
18-->src/main/AndroidManifest.xml:13:13-50
19            android:launchMode="singleTask" />
19-->src/main/AndroidManifest.xml:14:13-44
20        <activity
20-->src/main/AndroidManifest.xml:15:9-17:47
21            android:name="com.chat.login.ui.WKWebLoginConfirmActivity"
21-->src/main/AndroidManifest.xml:16:13-57
22            android:launchMode="singleTask" />
22-->src/main/AndroidManifest.xml:17:13-44
23        <activity android:name="com.chat.login.ui.PerfectUserInfoActivity" />
23-->src/main/AndroidManifest.xml:18:9-64
23-->src/main/AndroidManifest.xml:18:19-61
24        <activity android:name="com.chat.login.ui.InputLoginAuthVerifCodeActivity" />
24-->src/main/AndroidManifest.xml:19:9-72
24-->src/main/AndroidManifest.xml:19:19-69
25        <activity android:name="com.chat.login.ui.WKResetLoginPwdActivity" />
25-->src/main/AndroidManifest.xml:20:9-64
25-->src/main/AndroidManifest.xml:20:19-61
26        <activity android:name="com.chat.login.ui.PCLoginViewActivity" />
26-->src/main/AndroidManifest.xml:21:9-60
26-->src/main/AndroidManifest.xml:21:19-57
27        <activity android:name="com.chat.login.ui.WKWebLoginActivity" />
27-->src/main/AndroidManifest.xml:22:9-59
27-->src/main/AndroidManifest.xml:22:19-56
28        <activity android:name="com.chat.login.ui.ThirdLoginActivity" />
28-->src/main/AndroidManifest.xml:23:9-73
28-->src/main/AndroidManifest.xml:23:19-70
29    </application>
30
31</manifest>